2025-01-02 09:32:00.885 +02:00 [INF] User profile is available. Using 'C:\Users\areda\AppData\Local\ASP.NET\DataProtection-Keys' as key repository and Windows DPAPI to encrypt keys at rest.
2025-01-02 09:32:01.062 +02:00 [INF] Creating key {f17e97af-9280-483a-9f06-d8b7c560cd25} with creation date 2025-01-02 07:32:01Z, activation date 2025-01-03 10:32:24Z, and expiration date 2025-04-02 07:32:00Z.
2025-01-02 09:32:01.091 +02:00 [INF] Writing data to file 'C:\Users\areda\AppData\Local\ASP.NET\DataProtection-Keys\key-f17e97af-9280-483a-9f06-d8b7c560cd25.xml'.
2025-01-02 09:32:01.222 +02:00 [INF] Application started. Press Ctrl+C to shut down.
2025-01-02 09:32:01.223 +02:00 [INF] Hosting environment: Development
2025-01-02 09:32:01.223 +02:00 [INF] Content root path: C:\Users\areda\RiderProjects\BaseProject\BaseProject
2025-01-02 09:32:01.298 +02:00 [INF] Request starting HTTP/2 GET https://localhost:44367/ - null null
2025-01-02 09:32:01.327 +02:00 [INF] Request: GET /
2025-01-02 09:32:01.331 +02:00 [INF] Executing endpoint 'HTTP: GET /'
2025-01-02 09:32:01.342 +02:00 [INF] Hello from Serilog!
2025-01-02 09:32:01.346 +02:00 [INF] Setting HTTP status code 200.
2025-01-02 09:32:01.353 +02:00 [INF] Writing value of type 'String' as Json.
2025-01-02 09:32:01.383 +02:00 [INF] Executed endpoint 'HTTP: GET /'
2025-01-02 09:32:01.392 +02:00 [INF] Request finished HTTP/2 GET https://localhost:44367/ - 200 null application/json; charset=utf-8 95.9803ms
2025-01-02 09:32:10.477 +02:00 [INF] Request starting HTTP/2 GET https://localhost:44367/Home/TiggerCatch - null null
2025-01-02 09:32:10.488 +02:00 [INF] Request: GET /Home/TiggerCatch
2025-01-02 09:32:10.489 +02:00 [INF] Executing endpoint 'BaseProject.Controllers.HomeController.TiggerCatch (BaseProject)'
2025-01-02 09:32:10.501 +02:00 [INF] Route matched with {action = "TiggerCatch", controller = "Home"}. Executing controller action with signature Microsoft.AspNetCore.Mvc.IActionResult TiggerCatch() on controller BaseProject.Controllers.HomeController (BaseProject).
2025-01-02 09:32:10.508 +02:00 [INF] Executing action method BaseProject.Controllers.HomeController.TiggerCatch (BaseProject) - Validation state: "Valid"
2025-01-02 09:32:16.511 +02:00 [INF] Executed action BaseProject.Controllers.HomeController.TiggerCatch (BaseProject) in 6007.5466ms
2025-01-02 09:32:16.512 +02:00 [INF] Executed endpoint 'BaseProject.Controllers.HomeController.TiggerCatch (BaseProject)'
